
2016-05-03 03:13:48 Warning: Warning (2): mysql_connect() [<a href='http://php.net/function.mysql-connect'>function.mysql-connect</a>]: Unknown MySQL server host 'DB_HOST' (0) in [/opt/lampp/htdocs/myworkspace/lce/cake/libs/model/datasources/dbo/dbo_mysql.php, line 540]
2016-05-03 03:13:48 Warning: Warning (2): mysql_select_db() expects parameter 2 to be resource, boolean given in [/opt/lampp/htdocs/myworkspace/lce/cake/libs/model/datasources/dbo/dbo_mysql.php, line 546]
2016-05-03 03:13:48 Warning: Warning (2): mysql_query() expects parameter 2 to be resource, boolean given in [/opt/lampp/htdocs/myworkspace/lce/cake/libs/model/datasources/dbo/dbo_mysql.php, line 588]
2016-05-03 03:13:48 Warning: Warning (2): mysql_get_server_info() expects parameter 1 to be resource, boolean given in [/opt/lampp/htdocs/myworkspace/lce/cake/libs/model/datasources/dbo/dbo_mysql.php, line 554]
2016-05-03 03:13:48 Warning: Warning (2): Cannot modify header information - headers already sent by (output started at /opt/lampp/htdocs/myworkspace/lce/cake/libs/debugger.php:673) in [/opt/lampp/htdocs/myworkspace/lce/cake/libs/controller/controller.php, line 746]
2016-05-03 03:13:48 Warning: Warning (2): mysql_errno() expects parameter 1 to be resource, boolean given in [/opt/lampp/htdocs/myworkspace/lce/cake/libs/model/datasources/dbo/dbo_mysql.php, line 667]
2016-05-03 03:13:48 Warning: Warning (2): Invalid argument supplied for foreach() in [/opt/lampp/htdocs/myworkspace/lce/cake/libs/model/datasources/dbo/dbo_mysql.php, line 127]
2016-05-03 03:13:48 Warning: Warning (2): array_keys() expects parameter 1 to be array, boolean given in [/opt/lampp/htdocs/myworkspace/lce/cake/libs/model/datasources/dbo_source.php, line 1936]
2016-05-03 03:13:48 Warning: Warning (2): array_keys() expects parameter 1 to be array, boolean given in [/opt/lampp/htdocs/myworkspace/lce/cake/libs/model/datasources/dbo_source.php, line 1949]
2016-05-03 03:13:48 Warning: Warning (2): array_filter() expects parameter 1 to be array, null given in [/opt/lampp/htdocs/myworkspace/lce/cake/libs/model/datasources/dbo_source.php, line 1953]
2016-05-03 03:13:48 Warning: Warning (2): array_values() expects parameter 1 to be array, null given in [/opt/lampp/htdocs/myworkspace/lce/cake/libs/model/datasources/dbo_source.php, line 1953]
2016-05-03 03:13:48 Warning: Warning (2): array_unique() expects parameter 1 to be array, null given in [/opt/lampp/htdocs/myworkspace/lce/cake/libs/model/datasources/dbo_source.php, line 2045]
2016-05-03 03:13:48 Warning: Warning (2): array_unique() expects parameter 1 to be array, null given in [/opt/lampp/htdocs/myworkspace/lce/cake/libs/model/datasources/dbo_source.php, line 1229]
2016-05-03 03:13:48 Warning: Warning (2): implode() [<a href='http://php.net/function.implode'>function.implode</a>]: Invalid arguments passed in [/opt/lampp/htdocs/myworkspace/lce/cake/libs/model/datasources/dbo_source.php, line 1448]
2016-05-03 03:13:48 Warning: Warning (2): Invalid argument supplied for foreach() in [/opt/lampp/htdocs/myworkspace/lce/app/app_controller.php, line 185]
2016-05-03 03:14:09 Warning: Warning (2): mysql_connect() [<a href='http://php.net/function.mysql-connect'>function.mysql-connect</a>]: Unknown MySQL server host 'DB_HOST' (0) in [/opt/lampp/htdocs/myworkspace/lce/cake/libs/model/datasources/dbo/dbo_mysql.php, line 540]
2016-05-03 03:14:09 Warning: Warning (2): mysql_select_db() expects parameter 2 to be resource, boolean given in [/opt/lampp/htdocs/myworkspace/lce/cake/libs/model/datasources/dbo/dbo_mysql.php, line 546]
2016-05-03 03:14:09 Warning: Warning (2): mysql_query() expects parameter 2 to be resource, boolean given in [/opt/lampp/htdocs/myworkspace/lce/cake/libs/model/datasources/dbo/dbo_mysql.php, line 588]
2016-05-03 03:14:09 Warning: Warning (2): mysql_get_server_info() expects parameter 1 to be resource, boolean given in [/opt/lampp/htdocs/myworkspace/lce/cake/libs/model/datasources/dbo/dbo_mysql.php, line 554]
2016-05-03 03:14:09 Warning: Warning (2): Cannot modify header information - headers already sent by (output started at /opt/lampp/htdocs/myworkspace/lce/cake/libs/debugger.php:673) in [/opt/lampp/htdocs/myworkspace/lce/cake/libs/controller/controller.php, line 746]
2016-05-03 03:14:09 Warning: Warning (2): mysql_errno() expects parameter 1 to be resource, boolean given in [/opt/lampp/htdocs/myworkspace/lce/cake/libs/model/datasources/dbo/dbo_mysql.php, line 667]
2016-05-03 03:14:09 Warning: Warning (2): Invalid argument supplied for foreach() in [/opt/lampp/htdocs/myworkspace/lce/cake/libs/model/datasources/dbo/dbo_mysql.php, line 127]
2016-05-03 03:14:09 Warning: Warning (2): array_keys() expects parameter 1 to be array, boolean given in [/opt/lampp/htdocs/myworkspace/lce/cake/libs/model/datasources/dbo_source.php, line 1936]
2016-05-03 03:14:09 Warning: Warning (2): array_keys() expects parameter 1 to be array, boolean given in [/opt/lampp/htdocs/myworkspace/lce/cake/libs/model/datasources/dbo_source.php, line 1949]
2016-05-03 03:14:09 Warning: Warning (2): array_filter() expects parameter 1 to be array, null given in [/opt/lampp/htdocs/myworkspace/lce/cake/libs/model/datasources/dbo_source.php, line 1953]
2016-05-03 03:14:09 Warning: Warning (2): array_values() expects parameter 1 to be array, null given in [/opt/lampp/htdocs/myworkspace/lce/cake/libs/model/datasources/dbo_source.php, line 1953]
2016-05-03 03:14:09 Warning: Warning (2): array_unique() expects parameter 1 to be array, null given in [/opt/lampp/htdocs/myworkspace/lce/cake/libs/model/datasources/dbo_source.php, line 2045]
2016-05-03 03:14:09 Warning: Warning (2): array_unique() expects parameter 1 to be array, null given in [/opt/lampp/htdocs/myworkspace/lce/cake/libs/model/datasources/dbo_source.php, line 1229]
2016-05-03 03:14:09 Warning: Warning (2): implode() [<a href='http://php.net/function.implode'>function.implode</a>]: Invalid arguments passed in [/opt/lampp/htdocs/myworkspace/lce/cake/libs/model/datasources/dbo_source.php, line 1448]
2016-05-03 03:14:09 Warning: Warning (2): Invalid argument supplied for foreach() in [/opt/lampp/htdocs/myworkspace/lce/app/app_controller.php, line 185]
2016-05-03 03:14:13 Warning: Warning (2): mysql_connect() [<a href='http://php.net/function.mysql-connect'>function.mysql-connect</a>]: Unknown MySQL server host 'DB_HOST' (0) in [/opt/lampp/htdocs/myworkspace/lce/cake/libs/model/datasources/dbo/dbo_mysql.php, line 540]
2016-05-03 03:14:13 Warning: Warning (2): mysql_select_db() expects parameter 2 to be resource, boolean given in [/opt/lampp/htdocs/myworkspace/lce/cake/libs/model/datasources/dbo/dbo_mysql.php, line 546]
2016-05-03 03:14:13 Warning: Warning (2): mysql_query() expects parameter 2 to be resource, boolean given in [/opt/lampp/htdocs/myworkspace/lce/cake/libs/model/datasources/dbo/dbo_mysql.php, line 588]
2016-05-03 03:14:13 Warning: Warning (2): mysql_get_server_info() expects parameter 1 to be resource, boolean given in [/opt/lampp/htdocs/myworkspace/lce/cake/libs/model/datasources/dbo/dbo_mysql.php, line 554]
2016-05-03 03:14:13 Warning: Warning (2): Cannot modify header information - headers already sent by (output started at /opt/lampp/htdocs/myworkspace/lce/cake/libs/debugger.php:673) in [/opt/lampp/htdocs/myworkspace/lce/cake/libs/controller/controller.php, line 746]
2016-05-03 03:14:13 Warning: Warning (2): mysql_errno() expects parameter 1 to be resource, boolean given in [/opt/lampp/htdocs/myworkspace/lce/cake/libs/model/datasources/dbo/dbo_mysql.php, line 667]
2016-05-03 03:14:13 Warning: Warning (2): Invalid argument supplied for foreach() in [/opt/lampp/htdocs/myworkspace/lce/cake/libs/model/datasources/dbo/dbo_mysql.php, line 127]
2016-05-03 03:14:14 Warning: Warning (2): array_keys() expects parameter 1 to be array, boolean given in [/opt/lampp/htdocs/myworkspace/lce/cake/libs/model/datasources/dbo_source.php, line 1936]
2016-05-03 03:14:14 Warning: Warning (2): array_keys() expects parameter 1 to be array, boolean given in [/opt/lampp/htdocs/myworkspace/lce/cake/libs/model/datasources/dbo_source.php, line 1949]
2016-05-03 03:14:14 Warning: Warning (2): array_filter() expects parameter 1 to be array, null given in [/opt/lampp/htdocs/myworkspace/lce/cake/libs/model/datasources/dbo_source.php, line 1953]
2016-05-03 03:14:14 Warning: Warning (2): array_values() expects parameter 1 to be array, null given in [/opt/lampp/htdocs/myworkspace/lce/cake/libs/model/datasources/dbo_source.php, line 1953]
2016-05-03 03:14:14 Warning: Warning (2): array_unique() expects parameter 1 to be array, null given in [/opt/lampp/htdocs/myworkspace/lce/cake/libs/model/datasources/dbo_source.php, line 2045]
2016-05-03 03:14:14 Warning: Warning (2): array_unique() expects parameter 1 to be array, null given in [/opt/lampp/htdocs/myworkspace/lce/cake/libs/model/datasources/dbo_source.php, line 1229]
2016-05-03 03:14:14 Warning: Warning (2): implode() [<a href='http://php.net/function.implode'>function.implode</a>]: Invalid arguments passed in [/opt/lampp/htdocs/myworkspace/lce/cake/libs/model/datasources/dbo_source.php, line 1448]
2016-05-03 03:14:14 Warning: Warning (2): Invalid argument supplied for foreach() in [/opt/lampp/htdocs/myworkspace/lce/app/app_controller.php, line 185]
2016-05-03 03:14:45 Warning: Warning (2): mysql_connect() [<a href='http://php.net/function.mysql-connect'>function.mysql-connect</a>]: Unknown MySQL server host 'DB_HOST' (0) in [/opt/lampp/htdocs/myworkspace/lce/cake/libs/model/datasources/dbo/dbo_mysql.php, line 540]
2016-05-03 03:14:45 Warning: Warning (2): mysql_select_db() expects parameter 2 to be resource, boolean given in [/opt/lampp/htdocs/myworkspace/lce/cake/libs/model/datasources/dbo/dbo_mysql.php, line 546]
2016-05-03 03:14:45 Warning: Warning (2): mysql_query() expects parameter 2 to be resource, boolean given in [/opt/lampp/htdocs/myworkspace/lce/cake/libs/model/datasources/dbo/dbo_mysql.php, line 588]
2016-05-03 03:14:45 Warning: Warning (2): mysql_get_server_info() expects parameter 1 to be resource, boolean given in [/opt/lampp/htdocs/myworkspace/lce/cake/libs/model/datasources/dbo/dbo_mysql.php, line 554]
2016-05-03 03:14:45 Warning: Warning (2): Cannot modify header information - headers already sent by (output started at /opt/lampp/htdocs/myworkspace/lce/cake/libs/debugger.php:673) in [/opt/lampp/htdocs/myworkspace/lce/cake/libs/controller/controller.php, line 746]
2016-05-03 03:14:45 Warning: Warning (2): mysql_errno() expects parameter 1 to be resource, boolean given in [/opt/lampp/htdocs/myworkspace/lce/cake/libs/model/datasources/dbo/dbo_mysql.php, line 667]
2016-05-03 03:14:45 Warning: Warning (2): Invalid argument supplied for foreach() in [/opt/lampp/htdocs/myworkspace/lce/cake/libs/model/datasources/dbo/dbo_mysql.php, line 127]
2016-05-03 03:14:45 Warning: Warning (2): array_keys() expects parameter 1 to be array, boolean given in [/opt/lampp/htdocs/myworkspace/lce/cake/libs/model/datasources/dbo_source.php, line 1936]
2016-05-03 03:14:45 Warning: Warning (2): array_keys() expects parameter 1 to be array, boolean given in [/opt/lampp/htdocs/myworkspace/lce/cake/libs/model/datasources/dbo_source.php, line 1949]
2016-05-03 03:14:45 Warning: Warning (2): array_filter() expects parameter 1 to be array, null given in [/opt/lampp/htdocs/myworkspace/lce/cake/libs/model/datasources/dbo_source.php, line 1953]
2016-05-03 03:14:45 Warning: Warning (2): array_values() expects parameter 1 to be array, null given in [/opt/lampp/htdocs/myworkspace/lce/cake/libs/model/datasources/dbo_source.php, line 1953]
2016-05-03 03:14:45 Warning: Warning (2): array_unique() expects parameter 1 to be array, null given in [/opt/lampp/htdocs/myworkspace/lce/cake/libs/model/datasources/dbo_source.php, line 2045]
2016-05-03 03:14:45 Warning: Warning (2): array_unique() expects parameter 1 to be array, null given in [/opt/lampp/htdocs/myworkspace/lce/cake/libs/model/datasources/dbo_source.php, line 1229]
2016-05-03 03:14:45 Warning: Warning (2): implode() [<a href='http://php.net/function.implode'>function.implode</a>]: Invalid arguments passed in [/opt/lampp/htdocs/myworkspace/lce/cake/libs/model/datasources/dbo_source.php, line 1448]
2016-05-03 03:14:45 Warning: Warning (2): Invalid argument supplied for foreach() in [/opt/lampp/htdocs/myworkspace/lce/app/app_controller.php, line 185]
2016-05-03 03:15:22 Warning: Warning (2): mysql_connect() [<a href='http://php.net/function.mysql-connect'>function.mysql-connect</a>]: Unknown MySQL server host 'DB_HOST' (0) in [/opt/lampp/htdocs/myworkspace/lce/cake/libs/model/datasources/dbo/dbo_mysql.php, line 540]
2016-05-03 03:15:22 Warning: Warning (2): mysql_select_db() expects parameter 2 to be resource, boolean given in [/opt/lampp/htdocs/myworkspace/lce/cake/libs/model/datasources/dbo/dbo_mysql.php, line 546]
2016-05-03 03:15:22 Warning: Warning (2): mysql_query() expects parameter 2 to be resource, boolean given in [/opt/lampp/htdocs/myworkspace/lce/cake/libs/model/datasources/dbo/dbo_mysql.php, line 588]
2016-05-03 03:15:22 Warning: Warning (2): mysql_get_server_info() expects parameter 1 to be resource, boolean given in [/opt/lampp/htdocs/myworkspace/lce/cake/libs/model/datasources/dbo/dbo_mysql.php, line 554]
2016-05-03 03:15:22 Warning: Warning (2): Cannot modify header information - headers already sent by (output started at /opt/lampp/htdocs/myworkspace/lce/cake/libs/debugger.php:673) in [/opt/lampp/htdocs/myworkspace/lce/cake/libs/controller/controller.php, line 746]
2016-05-03 03:15:22 Warning: Warning (2): mysql_errno() expects parameter 1 to be resource, boolean given in [/opt/lampp/htdocs/myworkspace/lce/cake/libs/model/datasources/dbo/dbo_mysql.php, line 667]
2016-05-03 03:15:22 Warning: Warning (2): Invalid argument supplied for foreach() in [/opt/lampp/htdocs/myworkspace/lce/cake/libs/model/datasources/dbo/dbo_mysql.php, line 127]
2016-05-03 03:15:22 Warning: Warning (2): array_keys() expects parameter 1 to be array, boolean given in [/opt/lampp/htdocs/myworkspace/lce/cake/libs/model/datasources/dbo_source.php, line 1936]
2016-05-03 03:15:22 Warning: Warning (2): array_keys() expects parameter 1 to be array, boolean given in [/opt/lampp/htdocs/myworkspace/lce/cake/libs/model/datasources/dbo_source.php, line 1949]
2016-05-03 03:15:22 Warning: Warning (2): array_filter() expects parameter 1 to be array, null given in [/opt/lampp/htdocs/myworkspace/lce/cake/libs/model/datasources/dbo_source.php, line 1953]
2016-05-03 03:15:22 Warning: Warning (2): array_values() expects parameter 1 to be array, null given in [/opt/lampp/htdocs/myworkspace/lce/cake/libs/model/datasources/dbo_source.php, line 1953]
2016-05-03 03:15:22 Warning: Warning (2): array_unique() expects parameter 1 to be array, null given in [/opt/lampp/htdocs/myworkspace/lce/cake/libs/model/datasources/dbo_source.php, line 2045]
2016-05-03 03:15:22 Warning: Warning (2): array_unique() expects parameter 1 to be array, null given in [/opt/lampp/htdocs/myworkspace/lce/cake/libs/model/datasources/dbo_source.php, line 1229]
2016-05-03 03:15:22 Warning: Warning (2): implode() [<a href='http://php.net/function.implode'>function.implode</a>]: Invalid arguments passed in [/opt/lampp/htdocs/myworkspace/lce/cake/libs/model/datasources/dbo_source.php, line 1448]
2016-05-03 03:15:23 Warning: Warning (2): Invalid argument supplied for foreach() in [/opt/lampp/htdocs/myworkspace/lce/app/app_controller.php, line 185]
2016-05-03 03:15:47 Warning: Warning (2): mysql_connect() [<a href='http://php.net/function.mysql-connect'>function.mysql-connect</a>]: Unknown MySQL server host 'DB_HOST' (0) in [/opt/lampp/htdocs/myworkspace/lce/cake/libs/model/datasources/dbo/dbo_mysql.php, line 540]
2016-05-03 03:15:47 Warning: Warning (2): mysql_select_db() expects parameter 2 to be resource, boolean given in [/opt/lampp/htdocs/myworkspace/lce/cake/libs/model/datasources/dbo/dbo_mysql.php, line 546]
2016-05-03 03:15:47 Warning: Warning (2): mysql_query() expects parameter 2 to be resource, boolean given in [/opt/lampp/htdocs/myworkspace/lce/cake/libs/model/datasources/dbo/dbo_mysql.php, line 588]
2016-05-03 03:15:47 Warning: Warning (2): mysql_get_server_info() expects parameter 1 to be resource, boolean given in [/opt/lampp/htdocs/myworkspace/lce/cake/libs/model/datasources/dbo/dbo_mysql.php, line 554]
2016-05-03 03:15:47 Warning: Warning (2): Cannot modify header information - headers already sent by (output started at /opt/lampp/htdocs/myworkspace/lce/cake/libs/debugger.php:673) in [/opt/lampp/htdocs/myworkspace/lce/cake/libs/controller/controller.php, line 746]
2016-05-03 03:15:47 Warning: Warning (2): mysql_errno() expects parameter 1 to be resource, boolean given in [/opt/lampp/htdocs/myworkspace/lce/cake/libs/model/datasources/dbo/dbo_mysql.php, line 667]
2016-05-03 03:15:47 Warning: Warning (2): Invalid argument supplied for foreach() in [/opt/lampp/htdocs/myworkspace/lce/cake/libs/model/datasources/dbo/dbo_mysql.php, line 127]
2016-05-03 03:15:47 Warning: Warning (2): array_keys() expects parameter 1 to be array, boolean given in [/opt/lampp/htdocs/myworkspace/lce/cake/libs/model/datasources/dbo_source.php, line 1936]
2016-05-03 03:15:47 Warning: Warning (2): array_keys() expects parameter 1 to be array, boolean given in [/opt/lampp/htdocs/myworkspace/lce/cake/libs/model/datasources/dbo_source.php, line 1949]
2016-05-03 03:15:47 Warning: Warning (2): array_filter() expects parameter 1 to be array, null given in [/opt/lampp/htdocs/myworkspace/lce/cake/libs/model/datasources/dbo_source.php, line 1953]
2016-05-03 03:15:47 Warning: Warning (2): array_values() expects parameter 1 to be array, null given in [/opt/lampp/htdocs/myworkspace/lce/cake/libs/model/datasources/dbo_source.php, line 1953]
2016-05-03 03:15:47 Warning: Warning (2): array_unique() expects parameter 1 to be array, null given in [/opt/lampp/htdocs/myworkspace/lce/cake/libs/model/datasources/dbo_source.php, line 2045]
2016-05-03 03:15:47 Warning: Warning (2): array_unique() expects parameter 1 to be array, null given in [/opt/lampp/htdocs/myworkspace/lce/cake/libs/model/datasources/dbo_source.php, line 1229]
2016-05-03 03:15:47 Warning: Warning (2): implode() [<a href='http://php.net/function.implode'>function.implode</a>]: Invalid arguments passed in [/opt/lampp/htdocs/myworkspace/lce/cake/libs/model/datasources/dbo_source.php, line 1448]
2016-05-03 03:15:47 Warning: Warning (2): Invalid argument supplied for foreach() in [/opt/lampp/htdocs/myworkspace/lce/app/app_controller.php, line 185]
2016-05-03 03:16:26 Warning: Warning (2): mysql_connect() [<a href='http://php.net/function.mysql-connect'>function.mysql-connect</a>]: Unknown MySQL server host 'DB_HOST' (2) in [/opt/lampp/htdocs/myworkspace/lce/cake/libs/model/datasources/dbo/dbo_mysql.php, line 540]
2016-05-03 03:16:26 Warning: Warning (2): mysql_select_db() expects parameter 2 to be resource, boolean given in [/opt/lampp/htdocs/myworkspace/lce/cake/libs/model/datasources/dbo/dbo_mysql.php, line 546]
2016-05-03 03:16:26 Warning: Warning (2): mysql_query() expects parameter 2 to be resource, boolean given in [/opt/lampp/htdocs/myworkspace/lce/cake/libs/model/datasources/dbo/dbo_mysql.php, line 588]
2016-05-03 03:16:26 Warning: Warning (2): mysql_get_server_info() expects parameter 1 to be resource, boolean given in [/opt/lampp/htdocs/myworkspace/lce/cake/libs/model/datasources/dbo/dbo_mysql.php, line 554]
2016-05-03 03:16:26 Warning: Warning (2): Cannot modify header information - headers already sent by (output started at /opt/lampp/htdocs/myworkspace/lce/cake/libs/debugger.php:673) in [/opt/lampp/htdocs/myworkspace/lce/cake/libs/controller/controller.php, line 746]
2016-05-03 03:16:26 Warning: Warning (2): mysql_errno() expects parameter 1 to be resource, boolean given in [/opt/lampp/htdocs/myworkspace/lce/cake/libs/model/datasources/dbo/dbo_mysql.php, line 667]
2016-05-03 03:16:26 Warning: Warning (2): Invalid argument supplied for foreach() in [/opt/lampp/htdocs/myworkspace/lce/cake/libs/model/datasources/dbo/dbo_mysql.php, line 127]
2016-05-03 03:16:26 Warning: Warning (2): array_keys() expects parameter 1 to be array, boolean given in [/opt/lampp/htdocs/myworkspace/lce/cake/libs/model/datasources/dbo_source.php, line 1936]
2016-05-03 03:16:26 Warning: Warning (2): array_keys() expects parameter 1 to be array, boolean given in [/opt/lampp/htdocs/myworkspace/lce/cake/libs/model/datasources/dbo_source.php, line 1949]
2016-05-03 03:16:26 Warning: Warning (2): array_filter() expects parameter 1 to be array, null given in [/opt/lampp/htdocs/myworkspace/lce/cake/libs/model/datasources/dbo_source.php, line 1953]
2016-05-03 03:16:26 Warning: Warning (2): array_values() expects parameter 1 to be array, null given in [/opt/lampp/htdocs/myworkspace/lce/cake/libs/model/datasources/dbo_source.php, line 1953]
2016-05-03 03:16:26 Warning: Warning (2): array_unique() expects parameter 1 to be array, null given in [/opt/lampp/htdocs/myworkspace/lce/cake/libs/model/datasources/dbo_source.php, line 2045]
2016-05-03 03:16:26 Warning: Warning (2): array_unique() expects parameter 1 to be array, null given in [/opt/lampp/htdocs/myworkspace/lce/cake/libs/model/datasources/dbo_source.php, line 1229]
2016-05-03 03:16:26 Warning: Warning (2): implode() [<a href='http://php.net/function.implode'>function.implode</a>]: Invalid arguments passed in [/opt/lampp/htdocs/myworkspace/lce/cake/libs/model/datasources/dbo_source.php, line 1448]
2016-05-03 03:16:26 Warning: Warning (2): Invalid argument supplied for foreach() in [/opt/lampp/htdocs/myworkspace/lce/app/app_controller.php, line 185]
